<?xml version="1.0" encoding="UTF-8"?>
<testng-results skipped="0" failed="0" total="1" passed="1">
  <reporter-output>
  </reporter-output>
  <suite name="Default suite" duration-ms="32" started-at="2014-10-14T10:00:47Z" finished-at="2014-10-14T10:00:47Z">
    <groups>
    </groups>
    <test name="Default test" duration-ms="32" started-at="2014-10-14T10:00:47Z" finished-at="2014-10-14T10:00:47Z">
      <class name="com.pack.SecondMostWord">
        <test-method status="PASS" signature="getSecondMostRepeatedWord()[pri:0, instance:com.pack.SecondMostWord@5e536b73]" name="getSecondMostRepeatedWord" duration-ms="14" started-at="2014-10-14T15:30:47Z" finished-at="2014-10-14T15:30:47Z">
          <reporter-output>
          </reporter-output>
        </test-method> <!-- getSecondMostRepeatedWord -->
      </class> <!-- com.pack.SecondMostWord -->
    </test> <!-- Default test -->
  </suite> <!-- Default suite -->
</testng-results>
